2021-05-24 23:46:25 [scrapy.utils.log] INFO: Scrapy 2.4.1 started (bot: parse)
2021-05-24 23:46:25 [scrapy.utils.log] INFO: Versions: lxml 4.6.2.0, libxml2 2.9.10, cssselect 1.1.0, parsel 1.5.2, w3lib 1.21.0, Twisted 20.3.0, Python 3.8.5 (default, Sep  4 2020, 02:22:02) - [Clang 10.0.0 ], pyOpenSSL 20.0.1 (OpenSSL 1.1.1k  25 Mar 2021), cryptography 3.3.1, Platform macOS-10.16-x86_64-i386-64bit
2021-05-24 23:46:25 [scrapy.utils.log] DEBUG: Using reactor: twisted.internet.selectreactor.SelectReactor
2021-05-24 23:46:25 [scrapy.crawler] INFO: Overridden settings:
{'BOT_NAME': 'parse',
 'FEED_EXPORT_ENCODING': 'UTF8',
 'LOG_FILE': 'logs/default/hot/2f900bcabca711eba554acde48001122.log',
 'NEWSPIDER_MODULE': 'parse.spiders',
 'SPIDER_MODULES': ['parse.spiders']}
2021-05-24 23:46:25 [scrapy.extensions.telnet] INFO: Telnet Password: 85f675f914200209
2021-05-24 23:46:25 [scrapy.middleware] INFO: Enabled extensions:
['scrapy.extensions.corestats.CoreStats',
 'scrapy.extensions.telnet.TelnetConsole',
 'scrapy.extensions.memusage.MemoryUsage',
 'scrapy.extensions.logstats.LogStats']
2021-05-24 23:46:26 [selenium.webdriver.remote.remote_connection] DEBUG: POST http://127.0.0.1:57312/session {"capabilities": {"firstMatch": [{}], "alwaysMatch": {"browserName": "chrome", "platformName": "any", "goog:chromeOptions": {"mobileEmulation": {"deviceName": "iPhone 6"}, "extensions": [], "args": ["--headless", "--disable-gpu"]}}}, "desiredCapabilities": {"browserName": "chrome", "version": "", "platform": "ANY", "goog:chromeOptions": {"mobileEmulation": {"deviceName": "iPhone 6"}, "extensions": [], "args": ["--headless", "--disable-gpu"]}}}
2021-05-24 23:46:26 [urllib3.connectionpool] DEBUG: Starting new HTTP connection (1): 127.0.0.1:57312
2021-05-24 23:46:26 [urllib3.connectionpool] DEBUG: http://127.0.0.1:57312 "POST /session HTTP/1.1" 200 763
2021-05-24 23:46:26 [selenium.webdriver.remote.remote_connection] DEBUG: Finished Request
2021-05-24 23:46:26 [scrapy.middleware] INFO: Enabled downloader middlewares:
['scrapy.downloadermiddlewares.httpauth.HttpAuthMiddleware',
 'scrapy.downloadermiddlewares.downloadtimeout.DownloadTimeoutMiddleware',
 'scrapy.downloadermiddlewares.defaultheaders.DefaultHeadersMiddleware',
 'scrapy.downloadermiddlewares.useragent.UserAgentMiddleware',
 'parse.middlewares.WeiboDownloaderMiddleware',
 'scrapy.downloadermiddlewares.retry.RetryMiddleware',
 'scrapy.downloadermiddlewares.redirect.MetaRefreshMiddleware',
 'scrapy.downloadermiddlewares.httpcompression.HttpCompressionMiddleware',
 'scrapy.downloadermiddlewares.redirect.RedirectMiddleware',
 'scrapy.downloadermiddlewares.cookies.CookiesMiddleware',
 'scrapy.downloadermiddlewares.httpproxy.HttpProxyMiddleware',
 'scrapy.downloadermiddlewares.stats.DownloaderStats']
2021-05-24 23:46:26 [scrapy.middleware] INFO: Enabled spider middlewares:
['scrapy.spidermiddlewares.httperror.HttpErrorMiddleware',
 'scrapy.spidermiddlewares.offsite.OffsiteMiddleware',
 'scrapy.spidermiddlewares.referer.RefererMiddleware',
 'scrapy.spidermiddlewares.urllength.UrlLengthMiddleware',
 'scrapy.spidermiddlewares.depth.DepthMiddleware']
2021-05-24 23:46:26 [py.warnings] WARNING: /Applications/anaconda/miniconda3/envs/parser/lib/python3.8/site-packages/scrapy/utils/project.py:90: ScrapyDeprecationWarning: Use of environment variables prefixed with SCRAPY_ to override settings is deprecated. The following environment variables are currently defined: JOB, LOG_FILE, SLOT, SPIDER
  warnings.warn(

2021-05-24 23:46:26 [scrapy.middleware] INFO: Enabled item pipelines:
['parse.pipelines.SpiderPipeline']
2021-05-24 23:46:26 [scrapy.core.engine] INFO: Spider opened
2021-05-24 23:46:26 [scrapy.extensions.logstats] INFO: Crawled 0 pages (at 0 pages/min), scraped 0 items (at 0 items/min)
2021-05-24 23:46:26 [hot] INFO: Spider opened: hot
2021-05-24 23:46:26 [scrapy.extensions.telnet] INFO: Telnet console listening on 127.0.0.1:6023
2021-05-24 23:46:28 [scrapy.core.engine] DEBUG: Crawled (200) <GET https://s.weibo.com/top/summary/> (referer: None)
2021-05-24 23:46:28 [scrapy.core.scraper] DEBUG: Scraped from <200 https://s.weibo.com/top/summary/>
{'hots': [{'content': '外交部哀悼日本第一代白毛女喜儿扮演者',
 'count': '1324835',
 'desc': '热',
 'ranking': '1'},
          {'content': '甘肃马拉松1000万元应急赔付金已到位',
 'count': '1099033',
 'desc': None,
 'ranking': '2'},
          {'content': '618预售', 'count': '1079466', 'desc': '沸', 'ranking': '3'},
          {'content': '会员限时75折起', 'count': None, 'desc': '荐', 'ranking': '•'},
          {'content': '周也面无表情捧场', 'count': '1034330', 'desc': '热', 'ranking': '4'},
          {'content': '中国好声音 海选', 'count': '989130', 'desc': '新', 'ranking': '5'},
          {'content': '袁爷爷留给年轻人的期盼', 'count': '841120', 'desc': '沸', 'ranking': '6'},
          {'content': '世卫大会再次拒绝涉台提案', 'count': '767555', 'desc': '新', 'ranking': '7'},
          {'content': '夫人泪别袁隆平', 'count': '615706', 'desc': '沸', 'ranking': '8'},
          {'content': '六安新增2例确诊1例无症状', 'count': '495015', 'desc': '新', 'ranking': '9'},
          {'content': '袁老与袁花花的初见', 'count': '490539', 'desc': '沸', 'ranking': '10'},
          {'content': '残运会冠军黄关军家属发声', 'count': '458818', 'desc': None, 'ranking': '11'},
          {'content': '支教老师回应学生追车送别', 'count': '442808', 'desc': '新', 'ranking': '12'},
          {'content': '法国记者因揭示新疆真相遭攻击', 'count': '433324', 'desc': '新', 'ranking': '13'},
          {'content': '安徽一男子篡改核酸检测报告判刑', 'count': '427947', 'desc': None, 'ranking': '14'},
          {'content': '甘肃马拉松幸存者张小涛回家', 'count': '388996', 'desc': None, 'ranking': '15'},
          {'content': '微博名后的小稻穗', 'count': '388645', 'desc': None, 'ranking': '16'},
          {'content': '搜聊天记录的意外收获', 'count': '386972', 'desc': None, 'ranking': '17'},
          {'content': '专家提醒0蔗糖雪糕并非无糖', 'count': '386158', 'desc': '新', 'ranking': '18'},
          {'content': '沈梦辰谈杨幂对自己的影响', 'count': '384091', 'desc': '热', 'ranking': '19'},
          {'content': '指甲的正确剪法', 'count': '383611', 'desc': '新', 'ranking': '20'},
          {'content': '俄罗斯闪电击中电缆下起电光雨', 'count': '381801', 'desc': '新', 'ranking': '21'},
          {'content': '情书', 'count': '381193', 'desc': '新', 'ranking': '22'},
          {'content': '人类有什么细思极恐的细节', 'count': '380127', 'desc': None, 'ranking': '23'},
          {'content': '韩国紫菜包饭涨至一卷14元', 'count': '378484', 'desc': None, 'ranking': '24'},
          {'content': '广东高考无粤康码不予打印准考证', 'count': '377262', 'desc': None, 'ranking': '25'},
          {'content': '韩艺瑟否认男友曾是牛郎', 'count': '376385', 'desc': None, 'ranking': '26'},
          {'content': '突然有点心疼小学老师了', 'count': '375399', 'desc': None, 'ranking': '27'},
          {'content': '山河令将在网飞播出', 'count': '367928', 'desc': None, 'ranking': '28'},
          {'content': '赵立坚说BBC欠中国人民一个道歉',
 'count': '312199',
 'desc': None,
 'ranking': '29'},
          {'content': 'CUBA八强', 'count': '292839', 'desc': '新', 'ranking': '30'},
          {'content': '下单纸巾必点火锅店被罚2万', 'count': '289825', 'desc': None, 'ranking': '31'},
          {'content': '禾下乘凉梦我们接续努力', 'count': '287848', 'desc': '新', 'ranking': '32'},
          {'content': '遇龙', 'count': '285659', 'desc': '新', 'ranking': '33'},
          {'content': '顾飞求婚邱冬娜', 'count': '285369', 'desc': None, 'ranking': '34'},
          {'content': '沙画还原袁隆平的梦想', 'count': '282146', 'desc': '新', 'ranking': '35'},
          {'content': '明星餐标', 'count': '271012', 'desc': None, 'ranking': '36'},
          {'content': '御赐小仵作', 'count': '262962', 'desc': None, 'ranking': '37'},
          {'content': '海关在书里查获1公斤毒品', 'count': '234424', 'desc': None, 'ranking': '38'},
          {'content': '液体猫', 'count': '222566', 'desc': None, 'ranking': '39'},
          {'content': '反诈宣讲员被骗18万', 'count': '199290', 'desc': None, 'ranking': '40'},
          {'content': '银川马拉松赛将建立赛事熔断机制', 'count': '198196', 'desc': None, 'ranking': '41'},
          {'content': '个人征信报告现侮辱字眼', 'count': '196780', 'desc': None, 'ranking': '42'},
          {'content': '赵立坚说袁隆平的梦想一定会实现', 'count': '191015', 'desc': None, 'ranking': '43'},
          {'content': '年轻人为什么如此反感团建', 'count': '175154', 'desc': None, 'ranking': '44'},
          {'content': '用稻香唱出对袁隆平爷爷的思念', 'count': '159667', 'desc': None, 'ranking': '45'},
          {'content': '河北一中学发生砍人事件', 'count': '138830', 'desc': None, 'ranking': '46'},
          {'content': '00后新兵穿上军装的样子', 'count': '133013', 'desc': None, 'ranking': '47'},
          {'content': '生活家', 'count': '130694', 'desc': '新', 'ranking': '48'},
          {'content': '袁隆平遗体送别仪式', 'count': '129870', 'desc': None, 'ranking': '49'},
          {'content': '觉醒年代是否能觉醒历史教育', 'count': '121940', 'desc': None, 'ranking': '50'}],
 'parse_type': 'weibo'}
2021-05-24 23:46:29 [scrapy.core.engine] DEBUG: Crawled (200) <GET https://www.zhihu.com/hot> (referer: https://s.weibo.com/top/summary/)
2021-05-24 23:46:29 [scrapy.core.scraper] DEBUG: Scraped from <200 https://www.zhihu.com/hot>
{'hots': [{'content': '袁隆平院士追悼会于 5 月 24 日 10 时举行，你还有哪些话想对袁爷爷说？',
 'count': '5114 万热度',
 'ranking': '1'},
          {'content': '网传腾讯科兴大楼一实习生跳楼并留遗书，有哪些问题值得关注？身边人面临类似情况时，我们能提供哪些帮助？',
 'count': '4454 万热度',
 'ranking': '2'},
          {'content': '吴孟超院士的灵堂放的不是哀乐是《国际歌》，你怎么看？', 'count': '2632 万热度', 'ranking': '3'},
          {'content': '乌合麒麟新作缅怀袁隆平院士，如何评价这幅画？你对袁隆平院士的记忆有哪些？',
 'count': '1671 万热度',
 'ranking': '4'},
          {'content': '如何看待翟天临发文称「如果骂我能帮助大家缓解论文季的压力，那我觉得被骂也是有意义的」？',
 'count': '1278 万热度',
 'ranking': '5'},
          {'content': '英国被曝以「国家安全」名义，将审查逮捕多所高校的「中国学生学者间谍」，此举将产生什么影响？',
 'count': '1122 万热度',
 'ranking': '6'},
          {'content': '残运会冠军黄关军、越野跑名将梁晶在甘肃马拉松事故中遇难，你有什么话想说？',
 'count': '700 万热度',
 'ranking': '7'},
          {'content': '如何看待 5 月 23 日比特币一天跌去 4000 美元，市场处于「极度恐惧」？虚拟货币的未来会怎样？',
 'count': '613 万热度',
 'ranking': '8'},
          {'content': '如何看待毕业论文季翟天临被毕业生骂上热搜一事？', 'count': '596 万热度', 'ranking': '9'},
          {'content': '有没有小众又高格调的微信头像？', 'count': '527 万热度', 'ranking': '10'},
          {'content': '英雄联盟比赛弹幕里的「感谢米哈游」是什么梗？', 'count': '509 万热度', 'ranking': '11'},
          {'content': '袁隆平院士逝世，目前我国农林领域研究状态如何？谁将接着扛起大旗？',
 'count': '490 万热度',
 'ranking': '12'},
          {'content': '10 亿现金，和《七龙珠》里的 10 点战斗力，你选哪个？',
 'count': '483 万热度',
 'ranking': '13'},
          {'content': '如何看待《创造 101 》选手陈语嫣被拍到在迪士尼工作上热搜，偶像选秀是否被过度神话了？',
 'count': '448 万热度',
 'ranking': '14'},
          {'content': '如何看待温州特斯拉连环撞车事故调查结果：系车主错把油门当刹车，而非 Model 3 制动失灵？',
 'count': '419 万热度',
 'ranking': '15'},
          {'content': '广州 5 月 23 日确诊病例感染印度变异株，具体情况如何？',
 'count': '408 万热度',
 'ranking': '16'},
          {'content': '对于新垣结衣 2020 年收入 4.4 亿日元大家怎么看?',
 'count': '402 万热度',
 'ranking': '17'},
          {'content': '如何提高深度睡眠质量？', 'count': '402 万热度', 'ranking': '18'},
          {'content': '从男性的角度上，什么样的女人比较有魅力？', 'count': '379 万热度', 'ranking': '19'},
          {'content': '你认为《三体》中最震撼的一句话是什么？', 'count': '342 万热度', 'ranking': '20'},
          {'content': '2021 年 618 什么时候开始？', 'count': '317 万热度', 'ranking': '21'},
          {'content': '哪部电影是你不抱期望去看了，结果却大大超出了你的预期？', 'count': '293 万热度', 'ranking': '22'},
          {'content': '如何评价 Gala 在本次季中冠军赛决赛上的表现？', 'count': '291 万热度', 'ranking': '23'},
          {'content': '幼猫为啥老是冲我叫，往我身上爬，爬上来就不叫了？', 'count': '265 万热度', 'ranking': '24'},
          {'content': '假如给你五个亿，但是让你闻到的所有气味都是臭的，尝到的所有味道都是苦的，你愿意吗？',
 'count': '261 万热度',
 'ranking': '25'},
          {'content': '华为再次重申不造车称「未投资任何车企，不会参股控股车企」，可能是出于什么考虑？',
 'count': '252 万热度',
 'ranking': '26'},
          {'content': '国内最长过海地铁「青岛地铁 1 号线」5 月 20 日全线轨通，通车后将对青岛发展带来怎样的影响？',
 'count': '247 万热度',
 'ranking': '27'},
          {'content': '国外吃牛排都不是全熟，是如何防止得寄生虫病的？', 'count': '244 万热度', 'ranking': '28'},
          {'content': '我朋友在一家公司上班，老板想让他当挂名股东，他怕承担风险拒绝了，之后老板又让他当监事，有风险吗？',
 'count': '242 万热度',
 'ranking': '29'},
          {'content': '岩井俊二的《情书》中男藤井树长大后为什么没有去找女藤井树？',
 'count': '232 万热度',
 'ranking': '30'},
          {'content': '《指环王 3》刚铎宰相吃饭嘴里流红色液体有什么寓意？', 'count': '193 万热度', 'ranking': '31'},
          {'content': '有哪些让你「吹爆」的减肥方法？', 'count': '191 万热度', 'ranking': '32'},
          {'content': '如何看待《守望先锋 2》由 6 vs 6 改成 5 vs 5 ？',
 'count': '182 万热度',
 'ranking': '33'},
          {'content': '是否有人不以考试为第一目的，而以学习为第一目的，结果没考上好大学？',
 'count': '180 万热度',
 'ranking': '34'},
          {'content': '你怎么理解修理工往死里拧紧螺栓的？', 'count': '161 万热度', 'ranking': '35'},
          {'content': '如何评价欧阳娜娜的大提琴水平？', 'count': '156 万热度', 'ranking': '36'},
          {'content': '2021 年，你发现了哪些买前以为鸡肋、买后直呼真香的家电好物？',
 'count': '152 万热度',
 'ranking': '37'},
          {'content': '《三体》在雨果奖中也是顶级的存在吗？', 'count': '146 万热度', 'ranking': '38'},
          {'content': '有没有「虐妻一时爽，追妻火葬场，最后追不到」的小说呢?', 'count': '120 万热度', 'ranking': '39'},
          {'content': '现实来说，上大专真的有用吗？', 'count': '112 万热度', 'ranking': '40'},
          {'content': '裸脸可以直接涂防晒吗？', 'count': '104 万热度', 'ranking': '41'},
          {'content': '有没有对中考或初中学习很有用的方法或窍门？', 'count': '94 万热度', 'ranking': '42'},
          {'content': '有没有人吃过袁老的杂交水稻？什么味道？', 'count': '92 万热度', 'ranking': '43'},
          {'content': '邓布利多是不是对哈利太过温柔忍让了？', 'count': '82 万热度', 'ranking': '44'},
          {'content': '有没有推荐的大学生书单？', 'count': '81 万热度', 'ranking': '45'},
          {'content': '你做过最机智的事情是什么？', 'count': '77 万热度', 'ranking': '46'},
          {'content': '你有哪些给高中生的建议？', 'count': '75 万热度', 'ranking': '47'},
          {'content': '如果把 18 岁的大罗放到现在什么水平？', 'count': '74 万热度', 'ranking': '48'},
          {'content': '22 考研词汇选哪本?', 'count': '70 万热度', 'ranking': '49'},
          {'content': '明明知道年轻的时候不努力，会后悔，但就是努力不起来，该怎么办。屏幕前的陌生人，可以给个答案吗？',
 'count': '69 万热度',
 'ranking': '50'}],
 'parse_type': 'zhihu'}
2021-05-24 23:46:29 [scrapy.core.engine] INFO: Closing spider (finished)
2021-05-24 23:46:29 [scrapy.statscollectors] INFO: Dumping Scrapy stats:
{'downloader/request_bytes': 2175,
 'downloader/request_count': 2,
 'downloader/request_method_count/GET': 2,
 'downloader/response_bytes': 67133,
 'downloader/response_count': 2,
 'downloader/response_status_count/200': 2,
 'elapsed_time_seconds': 2.267849,
 'finish_reason': 'finished',
 'finish_time': datetime.datetime(2021, 5, 24, 15, 46, 29, 163614),
 'item_scraped_count': 2,
 'log_count/DEBUG': 8,
 'log_count/INFO': 11,
 'log_count/WARNING': 1,
 'memusage/max': 64241664,
 'memusage/startup': 64241664,
 'request_depth_max': 1,
 'response_received_count': 2,
 'scheduler/dequeued': 2,
 'scheduler/dequeued/memory': 2,
 'scheduler/enqueued': 2,
 'scheduler/enqueued/memory': 2,
 'start_time': datetime.datetime(2021, 5, 24, 15, 46, 26, 895765)}
2021-05-24 23:46:29 [scrapy.core.engine] INFO: Spider closed (finished)
