2021-05-24 18:46:25 [scrapy.utils.log] INFO: Scrapy 2.4.1 started (bot: parse)
2021-05-24 18:46:25 [scrapy.utils.log] INFO: Versions: lxml 4.6.2.0, libxml2 2.9.10, cssselect 1.1.0, parsel 1.5.2, w3lib 1.21.0, Twisted 20.3.0, Python 3.8.5 (default, Sep  4 2020, 02:22:02) - [Clang 10.0.0 ], pyOpenSSL 20.0.1 (OpenSSL 1.1.1k  25 Mar 2021), cryptography 3.3.1, Platform macOS-10.16-x86_64-i386-64bit
2021-05-24 18:46:25 [scrapy.utils.log] DEBUG: Using reactor: twisted.internet.selectreactor.SelectReactor
2021-05-24 18:46:25 [scrapy.crawler] INFO: Overridden settings:
{'BOT_NAME': 'parse',
 'FEED_EXPORT_ENCODING': 'UTF8',
 'LOG_FILE': 'logs/default/hot/46559eb2bc7d11eba554acde48001122.log',
 'NEWSPIDER_MODULE': 'parse.spiders',
 'SPIDER_MODULES': ['parse.spiders']}
2021-05-24 18:46:25 [scrapy.extensions.telnet] INFO: Telnet Password: dc6c79de457ec1b4
2021-05-24 18:46:25 [scrapy.middleware] INFO: Enabled extensions:
['scrapy.extensions.corestats.CoreStats',
 'scrapy.extensions.telnet.TelnetConsole',
 'scrapy.extensions.memusage.MemoryUsage',
 'scrapy.extensions.logstats.LogStats']
2021-05-24 18:46:26 [selenium.webdriver.remote.remote_connection] DEBUG: POST http://127.0.0.1:50881/session {"capabilities": {"firstMatch": [{}], "alwaysMatch": {"browserName": "chrome", "platformName": "any", "goog:chromeOptions": {"mobileEmulation": {"deviceName": "iPhone 6"}, "extensions": [], "args": ["--headless", "--disable-gpu"]}}}, "desiredCapabilities": {"browserName": "chrome", "version": "", "platform": "ANY", "goog:chromeOptions": {"mobileEmulation": {"deviceName": "iPhone 6"}, "extensions": [], "args": ["--headless", "--disable-gpu"]}}}
2021-05-24 18:46:26 [urllib3.connectionpool] DEBUG: Starting new HTTP connection (1): 127.0.0.1:50881
2021-05-24 18:46:26 [urllib3.connectionpool] DEBUG: http://127.0.0.1:50881 "POST /session HTTP/1.1" 200 763
2021-05-24 18:46:26 [selenium.webdriver.remote.remote_connection] DEBUG: Finished Request
2021-05-24 18:46:26 [scrapy.middleware] INFO: Enabled downloader middlewares:
['scrapy.downloadermiddlewares.httpauth.HttpAuthMiddleware',
 'scrapy.downloadermiddlewares.downloadtimeout.DownloadTimeoutMiddleware',
 'scrapy.downloadermiddlewares.defaultheaders.DefaultHeadersMiddleware',
 'scrapy.downloadermiddlewares.useragent.UserAgentMiddleware',
 'parse.middlewares.WeiboDownloaderMiddleware',
 'scrapy.downloadermiddlewares.retry.RetryMiddleware',
 'scrapy.downloadermiddlewares.redirect.MetaRefreshMiddleware',
 'scrapy.downloadermiddlewares.httpcompression.HttpCompressionMiddleware',
 'scrapy.downloadermiddlewares.redirect.RedirectMiddleware',
 'scrapy.downloadermiddlewares.cookies.CookiesMiddleware',
 'scrapy.downloadermiddlewares.httpproxy.HttpProxyMiddleware',
 'scrapy.downloadermiddlewares.stats.DownloaderStats']
2021-05-24 18:46:26 [scrapy.middleware] INFO: Enabled spider middlewares:
['scrapy.spidermiddlewares.httperror.HttpErrorMiddleware',
 'scrapy.spidermiddlewares.offsite.OffsiteMiddleware',
 'scrapy.spidermiddlewares.referer.RefererMiddleware',
 'scrapy.spidermiddlewares.urllength.UrlLengthMiddleware',
 'scrapy.spidermiddlewares.depth.DepthMiddleware']
2021-05-24 18:46:26 [py.warnings] WARNING: /Applications/anaconda/miniconda3/envs/parser/lib/python3.8/site-packages/scrapy/utils/project.py:90: ScrapyDeprecationWarning: Use of environment variables prefixed with SCRAPY_ to override settings is deprecated. The following environment variables are currently defined: JOB, LOG_FILE, SLOT, SPIDER
  warnings.warn(

2021-05-24 18:46:26 [scrapy.middleware] INFO: Enabled item pipelines:
['parse.pipelines.SpiderPipeline']
2021-05-24 18:46:26 [scrapy.core.engine] INFO: Spider opened
2021-05-24 18:46:26 [scrapy.extensions.logstats] INFO: Crawled 0 pages (at 0 pages/min), scraped 0 items (at 0 items/min)
2021-05-24 18:46:26 [hot] INFO: Spider opened: hot
2021-05-24 18:46:26 [scrapy.extensions.telnet] INFO: Telnet console listening on 127.0.0.1:6023
2021-05-24 18:46:27 [scrapy.core.engine] DEBUG: Crawled (200) <GET https://s.weibo.com/top/summary/> (referer: None)
2021-05-24 18:46:27 [scrapy.core.scraper] DEBUG: Scraped from <200 https://s.weibo.com/top/summary/>
{'hots': [{'content': '夫人泪别袁隆平', 'count': '2722460', 'desc': '沸', 'ranking': '1'},
          {'content': '个人征信报告现侮辱字眼', 'count': '2506827', 'desc': '新', 'ranking': '2'},
          {'content': '赵立坚说袁隆平的梦想一定会实现', 'count': '1463118', 'desc': None, 'ranking': '3'},
          {'content': '下单纸巾必点火锅店被罚2万', 'count': '1077023', 'desc': '新', 'ranking': '4'},
          {'content': '袁老与袁花花的初见', 'count': '1076982', 'desc': '新', 'ranking': '5'},
          {'content': '中国盲人张洪登顶珠峰', 'count': '1010966', 'desc': '新', 'ranking': '6'},
          {'content': '班主任带来了150封给袁爷爷的信', 'count': '982690', 'desc': None, 'ranking': '7'},
          {'content': '外交部回应东电承认放射物或外泄入海', 'count': '812196', 'desc': '新', 'ranking': '8'},
          {'content': '吴孟超灵堂放的是国际歌', 'count': '716614', 'desc': '沸', 'ranking': '9'},
          {'content': '用稻香唱出对袁隆平爷爷的思念', 'count': '686861', 'desc': '新', 'ranking': '10'},
          {'content': '李佳琦直播', 'count': '679491', 'desc': None, 'ranking': '11'},
          {'content': '前来吊唁的群众为袁老带来了气排球',
 'count': '672981',
 'desc': None,
 'ranking': '12'},
          {'content': '宋丹丹张翰 尴尬', 'count': '568786', 'desc': '热', 'ranking': '13'},
          {'content': '袁隆平家属以书面形式致答谢辞', 'count': '568694', 'desc': '热', 'ranking': '14'},
          {'content': '我国新冠疫苗接种超5亿剂次', 'count': '537961', 'desc': None, 'ranking': '15'},
          {'content': '沈梦辰谈杨幂对自己的影响', 'count': '531778', 'desc': '新', 'ranking': '16'},
          {'content': '突然有点心疼小学老师了', 'count': '505397', 'desc': '新', 'ranking': '17'},
          {'content': '宋茜生图', 'count': '498220', 'desc': '新', 'ranking': '18'},
          {'content': '觉醒年代是否能觉醒历史教育', 'count': '482526', 'desc': '新', 'ranking': '19'},
          {'content': '美团 微信支付', 'count': '482173', 'desc': '热', 'ranking': '20'},
          {'content': '女子跳进动物园鸵鸟圈捡蛋', 'count': '481074', 'desc': '新', 'ranking': '21'},
          {'content': '液体猫', 'count': '480477', 'desc': '新', 'ranking': '22'},
          {'content': '韩政府花费2.2亿韩元监管素媛案罪犯',
 'count': '479353',
 'desc': '新',
 'ranking': '23'},
          {'content': '年轻人为什么如此反感团建', 'count': '478725', 'desc': None, 'ranking': '24'},
          {'content': '李昇基李多寅恋情', 'count': '478377', 'desc': '热', 'ranking': '25'},
          {'content': '5人被困秦岭一人出现失温情况', 'count': '475951', 'desc': None, 'ranking': '26'},
          {'content': '河北一中学发生砍人事件', 'count': '473461', 'desc': None, 'ranking': '27'},
          {'content': '甘望星民国风造型', 'count': '389607', 'desc': '新', 'ranking': '28'},
          {'content': '美图炒币亏损1300万', 'count': '360701', 'desc': None, 'ranking': '29'},
          {'content': '上海试点公积金异地还房贷', 'count': '360085', 'desc': None, 'ranking': '30'},
          {'content': '引发西安两大学争议地铁站名确定', 'count': '359898', 'desc': None, 'ranking': '31'},
          {'content': '金希澈', 'count': '350112', 'desc': None, 'ranking': '32'},
          {'content': '科技部沉痛悼念袁隆平', 'count': '336965', 'desc': None, 'ranking': '33'},
          {'content': '我国现有疫苗可应对外国变异株', 'count': '331902', 'desc': None, 'ranking': '34'},
          {'content': '袁老身上覆盖着鲜红的国旗', 'count': '308859', 'desc': None, 'ranking': '35'},
          {'content': '一个合格男朋友的自我修养', 'count': '302882', 'desc': None, 'ranking': '36'},
          {'content': '袁隆平遗体送别仪式', 'count': '299972', 'desc': None, 'ranking': '37'},
          {'content': '银川马拉松赛将建立赛事熔断机制', 'count': '282886', 'desc': '新', 'ranking': '38'},
          {'content': '死亡越野赛背后公司员工仅22人', 'count': '274626', 'desc': None, 'ranking': '39'},
          {'content': '赵立坚说BBC欠中国人民一个道歉', 'count': '270826', 'desc': '新', 'ranking': '40'},
          {'content': '李光洙录制最后一期RM', 'count': '261333', 'desc': None, 'ranking': '41'},
          {'content': '印度成第3个新冠死亡病例超30万国家',
 'count': '255668',
 'desc': None,
 'ranking': '42'},
          {'content': '当我买了一个汉服盲盒', 'count': '229113', 'desc': None, 'ranking': '43'},
          {'content': '陕科大校长回应地铁站命名争夺失利', 'count': '221612', 'desc': '新', 'ranking': '44'},
          {'content': '薇娅直播', 'count': '217701', 'desc': '新', 'ranking': '45'},
          {'content': '李昇基李多寅约会', 'count': '206688', 'desc': None, 'ranking': '46'},
          {'content': '海警舰艇编队在我钓鱼岛领海内巡航', 'count': '205917', 'desc': '新', 'ranking': '47'},
          {'content': 'Homme祝贺并感谢RNG', 'count': '190175', 'desc': None, 'ranking': '48'},
          {'content': '清华成立量子信息班', 'count': '189578', 'desc': None, 'ranking': '49'},
          {'content': '施展否认聊天记录', 'count': '188074', 'desc': None, 'ranking': '50'}],
 'parse_type': 'weibo'}
2021-05-24 18:46:27 [scrapy.core.engine] DEBUG: Crawled (200) <GET https://www.zhihu.com/hot> (referer: https://s.weibo.com/top/summary/)
2021-05-24 18:46:27 [scrapy.core.scraper] DEBUG: Scraped from <200 https://www.zhihu.com/hot>
{'hots': [{'content': '袁隆平院士追悼会于 5 月 24 日 10 时举行，你还有哪些话想对袁爷爷说？',
 'count': '4699 万热度',
 'ranking': '1'},
          {'content': '为什么说内向的人精神内耗很严重呢?', 'count': '4039 万热度', 'ranking': '2'},
          {'content': '网传腾讯科兴大楼一实习生跳楼并留遗书，有哪些问题值得关注？身边人面临类似情况时，我们能提供哪些帮助？',
 'count': '3865 万热度',
 'ranking': '3'},
          {'content': '乌合麒麟新作缅怀袁隆平院士，如何评价这幅画？你对袁隆平院士的记忆有哪些？',
 'count': '1613 万热度',
 'ranking': '4'},
          {'content': '吴孟超院士的灵堂放的不是哀乐是《国际歌》，你怎么看？', 'count': '1307 万热度', 'ranking': '5'},
          {'content': '英国被曝以「国家安全」名义，将审查逮捕多所高校的「中国学生学者间谍」，此举将产生什么影响？',
 'count': '898 万热度',
 'ranking': '6'},
          {'content': '邻居家小孩来敲门问 Wi-Fi 密码，告诉他之后竟然所有设备全用上，该怎么办？',
 'count': '849 万热度',
 'ranking': '7'},
          {'content': '残运会冠军黄关军、越野跑名将梁晶在甘肃马拉松事故中遇难，你有什么话想说？',
 'count': '633 万热度',
 'ranking': '8'},
          {'content': '如何看待 5 月 23 日比特币一天跌去 4000 美元，市场处于「极度恐惧」？虚拟货币的未来会怎样？',
 'count': '540 万热度',
 'ranking': '9'},
          {'content': '10 亿现金，和《七龙珠》里的 10 点战斗力，你选哪个？',
 'count': '465 万热度',
 'ranking': '10'},
          {'content': '英雄联盟比赛弹幕里的「感谢米哈游」是什么梗？', 'count': '452 万热度', 'ranking': '11'},
          {'content': '2021 季中冠军赛 RNG 3:2 力克 DK，时隔三年再夺季中赛冠军，你有什么想说的？',
 'count': '439 万热度',
 'ranking': '12'},
          {'content': '中国为什么迟迟没有出现「超级英雄」题材的电影？', 'count': '415 万热度', 'ranking': '13'},
          {'content': '袁隆平院士逝世，目前我国农林领域研究状态如何？谁将接着扛起大旗？',
 'count': '358 万热度',
 'ranking': '14'},
          {'content': '广州 5 月 23 日确诊病例感染印度变异株，具体情况如何？',
 'count': '339 万热度',
 'ranking': '15'},
          {'content': '2021 季中冠军赛不敌 RNG 止步亚军，DK 输在哪？',
 'count': '335 万热度',
 'ranking': '16'},
          {'content': '如何评价 Gala 在本次季中冠军赛决赛上的表现？', 'count': '330 万热度', 'ranking': '17'},
          {'content': '有没有人吃过袁老的杂交水稻？什么味道？', 'count': '321 万热度', 'ranking': '18'},
          {'content': '微软决定在 2022 年 6 月 15 日彻底结束 IE 浏览器使命，如何评价这款软件？它带给你哪些回忆？',
 'count': '302 万热度',
 'ranking': '19'},
          {'content': '哪部电影是你不抱期望去看了，结果却大大超出了你的预期？', 'count': '269 万热度', 'ranking': '20'},
          {'content': '为什么使用 Steam 之后就开始不由自主地买正版游戏？', 'count': '222 万热度', 'ranking': '21'},
          {'content': '从男性的角度上，什么样的女人比较有魅力？', 'count': '208 万热度', 'ranking': '22'},
          {'content': '幼猫为啥老是冲我叫，往我身上爬，爬上来就不叫了？', 'count': '199 万热度', 'ranking': '23'},
          {'content': '你认为《三体》中最震撼的一句话是什么？', 'count': '199 万热度', 'ranking': '24'},
          {'content': '如何提高深度睡眠质量？', 'count': '182 万热度', 'ranking': '25'},
          {'content': '灰熊 112:109 险胜爵士先得一分，如何评价这场比赛？',
 'count': '171 万热度',
 'ranking': '26'},
          {'content': '是否有人不以考试为第一目的，而以学习为第一目的，结果没考上好大学？',
 'count': '169 万热度',
 'ranking': '27'},
          {'content': '2021 年 618 什么时候开始？', 'count': '168 万热度', 'ranking': '28'},
          {'content': '岩井俊二的《情书》中男藤井树长大后为什么没有去找女藤井树？',
 'count': '157 万热度',
 'ranking': '29'},
          {'content': '华为再次重申不造车称「未投资任何车企，不会参股控股车企」，可能是出于什么考虑？',
 'count': '153 万热度',
 'ranking': '30'},
          {'content': '如何看待《守望先锋 2》由 6 vs 6 改成 5 vs 5 ？',
 'count': '149 万热度',
 'ranking': '31'},
          {'content': '如何看待温州特斯拉连环撞车事故调查结果：系车主错把油门当刹车，而非 Model 3 制动失灵？',
 'count': '125 万热度',
 'ranking': '32'},
          {'content': '手机需要 12G 运行内存吗？', 'count': '125 万热度', 'ranking': '33'},
          {'content': '现实来说，上大专真的有用吗？', 'count': '116 万热度', 'ranking': '34'},
          {'content': '婚姻生活最难熬的是什么？', 'count': '110 万热度', 'ranking': '35'},
          {'content': '如何评价欧阳娜娜的大提琴水平？', 'count': '109 万热度', 'ranking': '36'},
          {'content': '《赛博朋克 2077》更新了多个版本后，推荐玩吗？', 'count': '107 万热度', 'ranking': '37'},
          {'content': '一个痴迷于外汇的老公，一个对现状极度不满的我，到底该何去何从？',
 'count': '106 万热度',
 'ranking': '38'},
          {'content': '2021 年的 618，有哪些值得购买的手机？', 'count': '105 万热度', 'ranking': '39'},
          {'content': '如何看待《创造 101 》选手陈语嫣被拍到在迪士尼工作上热搜，偶像选秀是否被过度神话了？',
 'count': '101 万热度',
 'ranking': '40'},
          {'content': 'iPad Pro 2021 款有人收到货了吗？使用体验如何？',
 'count': '96 万热度',
 'ranking': '41'},
          {'content': '为什么我的画细化后变得俗气了？', 'count': '88 万热度', 'ranking': '42'},
          {'content': '哪些文案像黑暗中的光一样救赎了你？', 'count': '83 万热度', 'ranking': '43'},
          {'content': '假如诸葛亮未死，邓艾能够偷渡阴平吗？', 'count': '83 万热度', 'ranking': '44'},
          {'content': '有哪些让你吹爆的高颜值好物？', 'count': '80 万热度', 'ranking': '45'},
          {'content': '有哪些大学生值得参与的竞赛？', 'count': '71 万热度', 'ranking': '46'},
          {'content': '可以推荐一款电脑录屏软件吗？', 'count': '71 万热度', 'ranking': '47'},
          {'content': '《指环王 3》刚铎宰相吃饭嘴里流红色液体有什么寓意？', 'count': '70 万热度', 'ranking': '48'},
          {'content': '你穿到一个虐文变成了一个试图勾引男主的恶毒女配，你会怎么办？',
 'count': '69 万热度',
 'ranking': '49'},
          {'content': '回避型依恋和焦虑型依恋注定相爱相杀吗？', 'count': '59 万热度', 'ranking': '50'}],
 'parse_type': 'zhihu'}
2021-05-24 18:46:27 [scrapy.core.engine] INFO: Closing spider (finished)
2021-05-24 18:46:27 [scrapy.statscollectors] INFO: Dumping Scrapy stats:
{'downloader/request_bytes': 2175,
 'downloader/request_count': 2,
 'downloader/request_method_count/GET': 2,
 'downloader/response_bytes': 72536,
 'downloader/response_count': 2,
 'downloader/response_status_count/200': 2,
 'elapsed_time_seconds': 0.988201,
 'finish_reason': 'finished',
 'finish_time': datetime.datetime(2021, 5, 24, 10, 46, 27, 727780),
 'item_scraped_count': 2,
 'log_count/DEBUG': 8,
 'log_count/INFO': 11,
 'log_count/WARNING': 1,
 'memusage/max': 64208896,
 'memusage/startup': 64208896,
 'request_depth_max': 1,
 'response_received_count': 2,
 'scheduler/dequeued': 2,
 'scheduler/dequeued/memory': 2,
 'scheduler/enqueued': 2,
 'scheduler/enqueued/memory': 2,
 'start_time': datetime.datetime(2021, 5, 24, 10, 46, 26, 739579)}
2021-05-24 18:46:27 [scrapy.core.engine] INFO: Spider closed (finished)
