2021-05-24 19:46:24 [scrapy.utils.log] INFO: Scrapy 2.4.1 started (bot: parse)
2021-05-24 19:46:24 [scrapy.utils.log] INFO: Versions: lxml 4.6.2.0, libxml2 2.9.10, cssselect 1.1.0, parsel 1.5.2, w3lib 1.21.0, Twisted 20.3.0, Python 3.8.5 (default, Sep  4 2020, 02:22:02) - [Clang 10.0.0 ], pyOpenSSL 20.0.1 (OpenSSL 1.1.1k  25 Mar 2021), cryptography 3.3.1, Platform macOS-10.16-x86_64-i386-64bit
2021-05-24 19:46:24 [scrapy.utils.log] DEBUG: Using reactor: twisted.internet.selectreactor.SelectReactor
2021-05-24 19:46:24 [scrapy.crawler] INFO: Overridden settings:
{'BOT_NAME': 'parse',
 'FEED_EXPORT_ENCODING': 'UTF8',
 'LOG_FILE': 'logs/default/hot/a82b5534bc8511eba554acde48001122.log',
 'NEWSPIDER_MODULE': 'parse.spiders',
 'SPIDER_MODULES': ['parse.spiders']}
2021-05-24 19:46:24 [scrapy.extensions.telnet] INFO: Telnet Password: cec514001386ce29
2021-05-24 19:46:24 [scrapy.middleware] INFO: Enabled extensions:
['scrapy.extensions.corestats.CoreStats',
 'scrapy.extensions.telnet.TelnetConsole',
 'scrapy.extensions.memusage.MemoryUsage',
 'scrapy.extensions.logstats.LogStats']
2021-05-24 19:46:26 [selenium.webdriver.remote.remote_connection] DEBUG: POST http://127.0.0.1:49487/session {"capabilities": {"firstMatch": [{}], "alwaysMatch": {"browserName": "chrome", "platformName": "any", "goog:chromeOptions": {"mobileEmulation": {"deviceName": "iPhone 6"}, "extensions": [], "args": ["--headless", "--disable-gpu"]}}}, "desiredCapabilities": {"browserName": "chrome", "version": "", "platform": "ANY", "goog:chromeOptions": {"mobileEmulation": {"deviceName": "iPhone 6"}, "extensions": [], "args": ["--headless", "--disable-gpu"]}}}
2021-05-24 19:46:26 [urllib3.connectionpool] DEBUG: Starting new HTTP connection (1): 127.0.0.1:49487
2021-05-24 19:46:26 [urllib3.connectionpool] DEBUG: http://127.0.0.1:49487 "POST /session HTTP/1.1" 200 763
2021-05-24 19:46:26 [selenium.webdriver.remote.remote_connection] DEBUG: Finished Request
2021-05-24 19:46:26 [scrapy.middleware] INFO: Enabled downloader middlewares:
['scrapy.downloadermiddlewares.httpauth.HttpAuthMiddleware',
 'scrapy.downloadermiddlewares.downloadtimeout.DownloadTimeoutMiddleware',
 'scrapy.downloadermiddlewares.defaultheaders.DefaultHeadersMiddleware',
 'scrapy.downloadermiddlewares.useragent.UserAgentMiddleware',
 'parse.middlewares.WeiboDownloaderMiddleware',
 'scrapy.downloadermiddlewares.retry.RetryMiddleware',
 'scrapy.downloadermiddlewares.redirect.MetaRefreshMiddleware',
 'scrapy.downloadermiddlewares.httpcompression.HttpCompressionMiddleware',
 'scrapy.downloadermiddlewares.redirect.RedirectMiddleware',
 'scrapy.downloadermiddlewares.cookies.CookiesMiddleware',
 'scrapy.downloadermiddlewares.httpproxy.HttpProxyMiddleware',
 'scrapy.downloadermiddlewares.stats.DownloaderStats']
2021-05-24 19:46:26 [scrapy.middleware] INFO: Enabled spider middlewares:
['scrapy.spidermiddlewares.httperror.HttpErrorMiddleware',
 'scrapy.spidermiddlewares.offsite.OffsiteMiddleware',
 'scrapy.spidermiddlewares.referer.RefererMiddleware',
 'scrapy.spidermiddlewares.urllength.UrlLengthMiddleware',
 'scrapy.spidermiddlewares.depth.DepthMiddleware']
2021-05-24 19:46:26 [py.warnings] WARNING: /Applications/anaconda/miniconda3/envs/parser/lib/python3.8/site-packages/scrapy/utils/project.py:90: ScrapyDeprecationWarning: Use of environment variables prefixed with SCRAPY_ to override settings is deprecated. The following environment variables are currently defined: JOB, LOG_FILE, SLOT, SPIDER
  warnings.warn(

2021-05-24 19:46:26 [scrapy.middleware] INFO: Enabled item pipelines:
['parse.pipelines.SpiderPipeline']
2021-05-24 19:46:26 [scrapy.core.engine] INFO: Spider opened
2021-05-24 19:46:26 [scrapy.extensions.logstats] INFO: Crawled 0 pages (at 0 pages/min), scraped 0 items (at 0 items/min)
2021-05-24 19:46:26 [hot] INFO: Spider opened: hot
2021-05-24 19:46:26 [scrapy.extensions.telnet] INFO: Telnet console listening on 127.0.0.1:6023
2021-05-24 19:46:26 [scrapy.core.engine] DEBUG: Crawled (200) <GET https://s.weibo.com/top/summary/> (referer: None)
2021-05-24 19:46:27 [scrapy.core.scraper] DEBUG: Scraped from <200 https://s.weibo.com/top/summary/>
{'hots': [{'content': '个人征信报告现侮辱字眼', 'count': '2697197', 'desc': '热', 'ranking': '1'},
          {'content': '赵立坚说BBC欠中国人民一个道歉', 'count': '2159780', 'desc': '新', 'ranking': '2'},
          {'content': '夫人泪别袁隆平', 'count': '1500210', 'desc': '沸', 'ranking': '3'},
          {'content': '下单纸巾必点火锅店被罚2万', 'count': '910503', 'desc': None, 'ranking': '4'},
          {'content': '袁老与袁花花的初见', 'count': '907535', 'desc': None, 'ranking': '5'},
          {'content': '银川马拉松赛将建立赛事熔断机制', 'count': '898129', 'desc': '新', 'ranking': '6'},
          {'content': '赵立坚说袁隆平的梦想一定会实现', 'count': '887505', 'desc': None, 'ranking': '7'},
          {'content': '温州特斯拉车主回应把油门当刹车', 'count': '702028', 'desc': '新', 'ranking': '8'},
          {'content': '用稻香唱出对袁隆平爷爷的思念', 'count': '690220', 'desc': None, 'ranking': '9'},
          {'content': '中国盲人张洪登顶珠峰', 'count': '534366', 'desc': None, 'ranking': '10'},
          {'content': '陕科大校长回应地铁站命名争夺失利', 'count': '488067', 'desc': '新', 'ranking': '11'},
          {'content': '韩政府花费2.2亿韩元监管素媛案罪犯',
 'count': '461473',
 'desc': None,
 'ranking': '12'},
          {'content': '外交部回应东电承认放射物或外泄入海',
 'count': '404307',
 'desc': None,
 'ranking': '13'},
          {'content': '班主任带来了150封给袁爷爷的信',
 'count': '395776',
 'desc': None,
 'ranking': '14'},
          {'content': '吴孟超灵堂放的是国际歌', 'count': '384070', 'desc': '热', 'ranking': '15'},
          {'content': '沈梦辰谈杨幂对自己的影响', 'count': '383065', 'desc': '热', 'ranking': '16'},
          {'content': '突然有点心疼小学老师了', 'count': '382247', 'desc': '新', 'ranking': '17'},
          {'content': '液体猫', 'count': '381707', 'desc': '新', 'ranking': '18'},
          {'content': '觉醒年代是否能觉醒历史教育', 'count': '380777', 'desc': None, 'ranking': '19'},
          {'content': '美团 微信支付', 'count': '379022', 'desc': '热', 'ranking': '20'},
          {'content': '今晚定金人的三个阶段', 'count': '378077', 'desc': '新', 'ranking': '21'},
          {'content': '甘望星民国风造型', 'count': '377744', 'desc': '新', 'ranking': '22'},
          {'content': '李昇基李多寅恋情', 'count': '376862', 'desc': '热', 'ranking': '23'},
          {'content': '年轻人为什么如此反感团建', 'count': '369711', 'desc': None, 'ranking': '24'},
          {'content': '河北一中学发生砍人事件', 'count': '359084', 'desc': None, 'ranking': '25'},
          {'content': '李佳琦直播', 'count': '332663', 'desc': None, 'ranking': '26'},
          {'content': '我国新冠疫苗接种超5亿剂次', 'count': '327415', 'desc': None, 'ranking': '27'},
          {'content': '前来吊唁的群众为袁老带来了气排球',
 'count': '316580',
 'desc': None,
 'ranking': '28'},
          {'content': '美图炒币亏损1300万', 'count': '312397', 'desc': None, 'ranking': '29'},
          {'content': '国际钢价涨幅远高于国内钢价', 'count': '310828', 'desc': '新', 'ranking': '30'},
          {'content': '外交部哀悼日本第一代白毛女喜儿扮演者',
 'count': '310390',
 'desc': '新',
 'ranking': '31'},
          {'content': '旁人很难理解的饮食小怪癖', 'count': '282248', 'desc': '新', 'ranking': '32'},
          {'content': '5人被困秦岭一人出现失温情况', 'count': '278801', 'desc': None, 'ranking': '33'},
          {'content': '金希澈', 'count': '274404', 'desc': None, 'ranking': '34'},
          {'content': '一个合格男朋友的自我修养', 'count': '266823', 'desc': None, 'ranking': '35'},
          {'content': '园方回应女子跳进鸵鸟圈偷蛋', 'count': '265699', 'desc': '新', 'ranking': '36'},
          {'content': '科技部沉痛悼念袁隆平', 'count': '253521', 'desc': None, 'ranking': '37'},
          {'content': '李光洙录制最后一期RM', 'count': '237440', 'desc': None, 'ranking': '38'},
          {'content': '薇娅直播', 'count': '234167', 'desc': None, 'ranking': '39'},
          {'content': '你听过老一辈的挨饿经历吗', 'count': '227478', 'desc': '新', 'ranking': '40'},
          {'content': '袁隆平遗体送别仪式', 'count': '223672', 'desc': None, 'ranking': '41'},
          {'content': '公交车上拍到的有趣一幕', 'count': '216799', 'desc': '新', 'ranking': '42'},
          {'content': '我国现有疫苗可应对外国变异株', 'count': '214437', 'desc': None, 'ranking': '43'},
          {'content': '宋丹丹张翰 尴尬', 'count': '198579', 'desc': None, 'ranking': '44'},
          {'content': '狗狗忠诚度测试', 'count': '196527', 'desc': '新', 'ranking': '45'},
          {'content': '印度成第3个新冠死亡病例超30万国家',
 'count': '196322',
 'desc': None,
 'ranking': '46'},
          {'content': '00后新兵穿上军装的样子', 'count': '194840', 'desc': '新', 'ranking': '47'},
          {'content': '袁隆平家属以书面形式致答谢辞', 'count': '194667', 'desc': None, 'ranking': '48'},
          {'content': '上海试点公积金异地还房贷', 'count': '194095', 'desc': None, 'ranking': '49'},
          {'content': '当我买了一个汉服盲盒', 'count': '191436', 'desc': None, 'ranking': '50'}],
 'parse_type': 'weibo'}
2021-05-24 19:46:27 [scrapy.core.engine] DEBUG: Crawled (200) <GET https://www.zhihu.com/hot> (referer: https://s.weibo.com/top/summary/)
2021-05-24 19:46:27 [scrapy.core.scraper] DEBUG: Scraped from <200 https://www.zhihu.com/hot>
{'hots': [{'content': '袁隆平院士追悼会于 5 月 24 日 10 时举行，你还有哪些话想对袁爷爷说？',
 'count': '4738 万热度',
 'ranking': '1'},
          {'content': '为什么说内向的人精神内耗很严重呢?', 'count': '4078 万热度', 'ranking': '2'},
          {'content': '网传腾讯科兴大楼一实习生跳楼并留遗书，有哪些问题值得关注？身边人面临类似情况时，我们能提供哪些帮助？',
 'count': '4078 万热度',
 'ranking': '3'},
          {'content': '吴孟超院士的灵堂放的不是哀乐是《国际歌》，你怎么看？', 'count': '1779 万热度', 'ranking': '4'},
          {'content': '乌合麒麟新作缅怀袁隆平院士，如何评价这幅画？你对袁隆平院士的记忆有哪些？',
 'count': '1676 万热度',
 'ranking': '5'},
          {'content': '英国被曝以「国家安全」名义，将审查逮捕多所高校的「中国学生学者间谍」，此举将产生什么影响？',
 'count': '983 万热度',
 'ranking': '6'},
          {'content': '邻居家小孩来敲门问 Wi-Fi 密码，告诉他之后竟然所有设备全用上，该怎么办？',
 'count': '762 万热度',
 'ranking': '7'},
          {'content': '残运会冠军黄关军、越野跑名将梁晶在甘肃马拉松事故中遇难，你有什么话想说？',
 'count': '646 万热度',
 'ranking': '8'},
          {'content': '如何看待 5 月 23 日比特币一天跌去 4000 美元，市场处于「极度恐惧」？虚拟货币的未来会怎样？',
 'count': '584 万热度',
 'ranking': '9'},
          {'content': '10 亿现金，和《七龙珠》里的 10 点战斗力，你选哪个？',
 'count': '486 万热度',
 'ranking': '10'},
          {'content': '英雄联盟比赛弹幕里的「感谢米哈游」是什么梗？', 'count': '441 万热度', 'ranking': '11'},
          {'content': '袁隆平院士逝世，目前我国农林领域研究状态如何？谁将接着扛起大旗？',
 'count': '395 万热度',
 'ranking': '12'},
          {'content': '有没有小众又高格调的微信头像？', 'count': '355 万热度', 'ranking': '13'},
          {'content': '广州 5 月 23 日确诊病例感染印度变异株，具体情况如何？',
 'count': '352 万热度',
 'ranking': '14'},
          {'content': '如何看待温州特斯拉连环撞车事故调查结果：系车主错把油门当刹车，而非 Model 3 制动失灵？',
 'count': '319 万热度',
 'ranking': '15'},
          {'content': '如何评价 Gala 在本次季中冠军赛决赛上的表现？', 'count': '314 万热度', 'ranking': '16'},
          {'content': '有没有人吃过袁老的杂交水稻？什么味道？', 'count': '309 万热度', 'ranking': '17'},
          {'content': '微软决定在 2022 年 6 月 15 日彻底结束 IE 浏览器使命，如何评价这款软件？它带给你哪些回忆？',
 'count': '300 万热度',
 'ranking': '18'},
          {'content': '哪部电影是你不抱期望去看了，结果却大大超出了你的预期？', 'count': '296 万热度', 'ranking': '19'},
          {'content': '从男性的角度上，什么样的女人比较有魅力？', 'count': '273 万热度', 'ranking': '20'},
          {'content': '为什么使用 Steam 之后就开始不由自主地买正版游戏？', 'count': '247 万热度', 'ranking': '21'},
          {'content': '你认为《三体》中最震撼的一句话是什么？', 'count': '241 万热度', 'ranking': '22'},
          {'content': '华为再次重申不造车称「未投资任何车企，不会参股控股车企」，可能是出于什么考虑？',
 'count': '234 万热度',
 'ranking': '23'},
          {'content': '幼猫为啥老是冲我叫，往我身上爬，爬上来就不叫了？', 'count': '227 万热度', 'ranking': '24'},
          {'content': '如何提高深度睡眠质量？', 'count': '225 万热度', 'ranking': '25'},
          {'content': '假如给你五个亿，但是让你闻到的所有气味都是臭的，尝到的所有味道都是苦的，你愿意吗？',
 'count': '219 万热度',
 'ranking': '26'},
          {'content': '中国为什么迟迟没有出现「超级英雄」题材的电影？', 'count': '213 万热度', 'ranking': '27'},
          {'content': '2021 年 618 什么时候开始？', 'count': '192 万热度', 'ranking': '28'},
          {'content': '国外吃牛排都不是全熟，是如何防止得寄生虫病的？', 'count': '192 万热度', 'ranking': '29'},
          {'content': '岩井俊二的《情书》中男藤井树长大后为什么没有去找女藤井树？',
 'count': '187 万热度',
 'ranking': '30'},
          {'content': '《指环王 3》刚铎宰相吃饭嘴里流红色液体有什么寓意？', 'count': '186 万热度', 'ranking': '31'},
          {'content': '是否有人不以考试为第一目的，而以学习为第一目的，结果没考上好大学？',
 'count': '184 万热度',
 'ranking': '32'},
          {'content': '如何看待《守望先锋 2》由 6 vs 6 改成 5 vs 5 ？',
 'count': '176 万热度',
 'ranking': '33'},
          {'content': '手机需要 12G 运行内存吗？', 'count': '130 万热度', 'ranking': '34'},
          {'content': '现实来说，上大专真的有用吗？', 'count': '130 万热度', 'ranking': '35'},
          {'content': '我朋友在一家公司上班，老板想让他当挂名股东，他怕承担风险拒绝了，之后老板又让他当监事，有风险吗？',
 'count': '130 万热度',
 'ranking': '36'},
          {'content': '《赛博朋克 2077》更新了多个版本后，推荐玩吗？', 'count': '125 万热度', 'ranking': '37'},
          {'content': '一个痴迷于外汇的老公，一个对现状极度不满的我，到底该何去何从？',
 'count': '123 万热度',
 'ranking': '38'},
          {'content': '《活死人军团》较以往僵尸片有哪些突破？', 'count': '104 万热度', 'ranking': '39'},
          {'content': '如何看待《创造 101 》选手陈语嫣被拍到在迪士尼工作上热搜，偶像选秀是否被过度神话了？',
 'count': '100 万热度',
 'ranking': '40'},
          {'content': '2021 季中冠军赛 RNG 3:2 力克 DK，时隔三年再夺季中赛冠军，你有什么想说的？',
 'count': '96 万热度',
 'ranking': '41'},
          {'content': '裸脸可以直接涂防晒吗？', 'count': '96 万热度', 'ranking': '42'},
          {'content': '如何评价欧阳娜娜的大提琴水平？', 'count': '94 万热度', 'ranking': '43'},
          {'content': '你心中理想的未来智能出行伙伴是什么样子的？你希望 TA 具备哪些功能？',
 'count': '93 万热度',
 'ranking': '44'},
          {'content': '2021 年 618 有什么冷门却好用的旅行好物推荐？', 'count': '71 万热度', 'ranking': '45'},
          {'content': '2021 年，你发现了哪些买前以为鸡肋、买后直呼真香的家电好物？',
 'count': '71 万热度',
 'ranking': '46'},
          {'content': '有哪些温柔到爆炸的句子推荐？', 'count': '71 万热度', 'ranking': '47'},
          {'content': '如果能回到大地震前一天，要怎么做才能让大家逃生？', 'count': '71 万热度', 'ranking': '48'},
          {'content': '2021 年 618 有哪些冰箱值得入手？', 'count': '70 万热度', 'ranking': '49'},
          {'content': '婚姻生活最难熬的是什么？', 'count': '61 万热度', 'ranking': '50'}],
 'parse_type': 'zhihu'}
2021-05-24 19:46:27 [scrapy.core.engine] INFO: Closing spider (finished)
2021-05-24 19:46:27 [scrapy.statscollectors] INFO: Dumping Scrapy stats:
{'downloader/request_bytes': 2175,
 'downloader/request_count': 2,
 'downloader/request_method_count/GET': 2,
 'downloader/response_bytes': 72110,
 'downloader/response_count': 2,
 'downloader/response_status_count/200': 2,
 'elapsed_time_seconds': 0.91452,
 'finish_reason': 'finished',
 'finish_time': datetime.datetime(2021, 5, 24, 11, 46, 27, 572762),
 'item_scraped_count': 2,
 'log_count/DEBUG': 8,
 'log_count/INFO': 11,
 'log_count/WARNING': 1,
 'memusage/max': 64299008,
 'memusage/startup': 64299008,
 'request_depth_max': 1,
 'response_received_count': 2,
 'scheduler/dequeued': 2,
 'scheduler/dequeued/memory': 2,
 'scheduler/enqueued': 2,
 'scheduler/enqueued/memory': 2,
 'start_time': datetime.datetime(2021, 5, 24, 11, 46, 26, 658242)}
2021-05-24 19:46:27 [scrapy.core.engine] INFO: Spider closed (finished)
